[2026-04-19 08:55:00 UTC] ✅ SUCCESS (HTTP 200)
Status: Runtime is running and responsive
Endpoint: https://criativalia-runtime.onrender.com/api/stats
Response: Runtime healthy with 21 agents loaded, 4599 tasks, 120844 opportunities
[2026-04-19 14:27:00 UTC] ✅ SUCCESS (HTTP 200)
Status: Runtime is running and responsive
Endpoint: https://criativalia-runtime.onrender.com/api/stats
Response: Runtime healthy with 21 agents loaded, 4666 tasks, 122560 opportunities
[2026-04-22 14:55:34] Render keep-alive ping: Status 200 OK. Backend isRunning: true. CEO Orchestrator idle (last_active: 2026-04-19).
[2026-04-22 14:59 CST] Render keep-alive: 200
[2026-04-22 07:09:38 UTC] Render keep-alive ping: Status 200 OK (cached). Backend awake.
[2026-04-22 08:15:31 UTC] Render keep-alive: Status 200 OK (curl fallback)
[2026-04-22 08:50:47 UTC] Render keep-alive: Status 200 OK (237ms)
[2026-04-22 08:57:29 UTC] Render keep-alive: Status 200 OK (cached)
[2026-04-22 09:05:55 UTC] Render keep-alive: Status 200 OK (291ms)
[2026-04-22 09:11:34 UTC] Render keep-alive: Status 200 OK (cached)
[2026-04-22 09:49:17 UTC] Render keep-alive: Status 200 OK (cached)
[2026-04-22 10:00:25 UTC] Render keep-alive: Status 200 OK (cached)
[2026-04-22 10:07:24 UTC] Render keep-alive: Status 200 OK (1476ms)
[2026-04-22 10:27:04 UTC] Render keep-alive: Status 200 OK (229ms)
[2026-04-22 10:54:05 UTC] Render keep-alive: FAIL - Connection timeout (curl exit 28). Backend may be sleeping.
[2026-04-22 10:58:26 UTC] Render keep-alive: Status 200 OK (recovered from timeout)
[2026-04-22 11:07:10 UTC] Render keep-alive: Status 200 OK
[2026-04-22 11:08:25 UTC] Render keep-alive: Status 200 OK
[2026-04-22 11:18:30 UTC] Render keep-alive: Status 200
[2026-04-22 11:27:59 UTC] Render keep-alive: Status 200
[2026-04-22 11:32:05 UTC] Render keep-alive: Status 200
[2026-04-22 12:58:43 UTC] Render keep-alive: Status 200
[2026-04-22 12:59:55 UTC] Render keep-alive: Status 200
